Arguments: 
  /usr/bin/node /mnt/c/Users/longn/AppData/Roaming/npm/node_modules/yarn/bin/yarn.js

PATH: 
  /home/longnnt/.vscode-server/bin/704ed70d4fd1c6bd6342c436f1ede30d1cff4710/bin/remote-cli:/usr/local/sbin:/usr/local/bin:/usr/sbin:/usr/bin:/sbin:/bin:/usr/games:/usr/local/games:/usr/lib/wsl/lib:/mnt/c/Python311/Scripts/:/mnt/c/Python311/:/mnt/c/WINDOWS/system32:/mnt/c/WINDOWS:/mnt/c/WINDOWS/System32/Wbem:/mnt/c/WINDOWS/System32/WindowsPowerShell/v1.0/:/mnt/c/WINDOWS/System32/OpenSSH/:/mnt/c/Program Files/nodejs/:/mnt/c/ProgramData/chocolatey/bin:/mnt/c/Program Files/Git/cmd:/mnt/c/Program Files (x86)/Pulse Secure/VC142.CRT/X64/:/mnt/c/Program Files (x86)/Pulse Secure/VC142.CRT/X86/:/mnt/c/Program Files (x86)/Common Files/Pulse Secure/TNC Client Plugin/:/mnt/c/Users/longn/AppData/Local/Microsoft/WindowsApps:/mnt/c/Users/longn/AppData/Roaming/npm:/mnt/c/Users/longn/AppData/Local/Programs/Microsoft VS Code/bin:/snap/bin:/usr/local/bin:/usr/local/bin

Yarn version: 
  1.22.19

Node version: 
  16.20.0

Platform: 
  linux x64

Trace: 
  SyntaxError: /home/longnnt/monorepo-lerna-nx/packages/core-ui/package.json: Unexpected token } in JSON at position 1953
      at JSON.parse (<anonymous>)
      at /mnt/c/Users/longn/AppData/Roaming/npm/node_modules/yarn/lib/cli.js:1629:59
      at Generator.next (<anonymous>)
      at step (/mnt/c/Users/longn/AppData/Roaming/npm/node_modules/yarn/lib/cli.js:310:30)
      at /mnt/c/Users/longn/AppData/Roaming/npm/node_modules/yarn/lib/cli.js:321:13

npm manifest: 
  {
    "name": "core-ui",
    "version": "1.0.0",
    "description": "Made with create-react-library",
    "author": "",
    "license": "MIT",
    "repository": "",
    "main": "dist/index.js",
    "module": "dist/index.modern.js",
    "source": "src/index.tsx",
    "engines": {
      "node": ">=10"
    },
    "scripts": {
      "build": "microbundle-crl --no-compress --format modern,cjs",
      "start": "microbundle-crl watch --no-compress --format modern,cjs",
      "prepare": "run-s build",
      "test": "run-s test:unit test:lint test:build",
      "test:build": "run-s build",
      "test:lint": "eslint .",
      "test:unit": "cross-env CI=1 react-scripts test --env=jsdom",
      "test:watch": "react-scripts test --env=jsdom",
      "predeploy": "cd example && yarn install && yarn run build",
      "deploy": "gh-pages -d example/build"
    },
    "peerDependencies": {
      "react": "^16.0.0"
    },
    "devDependencies": {
      "@testing-library/jest-dom": "^4.2.4",
      "@testing-library/react": "^9.5.0",
      "@testing-library/user-event": "^7.2.1",
      "@types/jest": "^25.1.4",
      "@types/node": "^12.12.38",
      "@types/react": "^16.9.27",
      "@types/react-dom": "^16.9.7",
      "@typescript-eslint/eslint-plugin": "^2.26.0",
      "@typescript-eslint/parser": "^2.26.0",
      "babel-eslint": "^10.0.3",
      "cross-env": "^7.0.2",
      "eslint": "^6.8.0",
      "eslint-config-prettier": "^6.7.0",
      "eslint-config-standard": "^14.1.0",
      "eslint-config-standard-react": "^9.2.0",
      "eslint-plugin-import": "^2.18.2",
      "eslint-plugin-node": "^11.0.0",
      "eslint-plugin-prettier": "^3.1.1",
      "eslint-plugin-promise": "^4.2.1",
      "eslint-plugin-react": "^7.17.0",
      "eslint-plugin-standard": "^4.0.1",
      "gh-pages": "^2.2.0",
      "microbundle-crl": "^0.13.10",
      "npm-run-all": "^4.1.5",
      "prettier": "^2.0.4",
      "react": "^16.13.1",
      "react-dom": "^16.13.1",
      "react-scripts": "^0.2.3",
      "typescript": "^3.7.5",
      "sass": "1.62.1",
      "antd":"5.4.6",
  
    },
    "files": [
      "dist"
    ]
  }

yarn manifest: 
  No manifest

Lockfile: 
  No lockfile
